# Logfile created on 2012-04-22 00:10:24 +0530 by logger.rb/31641
REQUESTING PAGE: GET /static_pages/home with {} and HTTP headers {}
REQUESTING PAGE: GET /test_pages/home with {} and HTTP headers {}
REQUESTING PAGE: GET /test_pages/home with {} and HTTP headers {}
REQUESTING PAGE: GET /static_pages/home with {} and HTTP headers {}
REQUESTING PAGE: GET /static_pages/home with {} and HTTP headers {}
REQUESTING PAGE: GET /test_pages/home with {} and HTTP headers {}
REQUESTING PAGE: GET /test_pages/home with {} and HTTP headers {}
REQUESTING PAGE: GET /test_pages/home with {} and HTTP headers {}
REQUESTING PAGE: GET /test_pages/home with {} and HTTP headers {}
REQUESTING PAGE: GET /test_pages/home with {} and HTTP headers {}
REQUESTING PAGE: GET /test_pages/home with {} and HTTP headers {}
REQUESTING PAGE: GET /test_pages/home with {} and HTTP headers {}
REQUESTING PAGE: GET /test_pages/help with {} and HTTP headers {}
REQUESTING PAGE: GET /static_pages/home with {} and HTTP headers {}
REQUESTING PAGE: GET /static_pages/help with {} and HTTP headers {}
REQUESTING PAGE: GET /static_pages/home with {} and HTTP headers {}
REQUESTING PAGE: GET /static_pages/help with {} and HTTP headers {}
REQUESTING PAGE: GET /static_pages/about with {} and HTTP headers {}
REQUESTING PAGE: GET /static_pages/home with {} and HTTP headers {}
REQUESTING PAGE: GET /static_pages/help with {} and HTTP headers {}
REQUESTING PAGE: GET /static_pages/about with {} and HTTP headers {}
REQUESTING PAGE: GET /static_pages/home with {} and HTTP headers {}
REQUESTING PAGE: GET /static_pages/help with {} and HTTP headers {}
REQUESTING PAGE: GET /static_pages/about with {} and HTTP headers {}
REQUESTING PAGE: GET /static_pages/home with {} and HTTP headers {}
REQUESTING PAGE: GET /static_pages/help with {} and HTTP headers {}
REQUESTING PAGE: GET /static_pages/about with {} and HTTP headers {}
REQUESTING PAGE: GET /static_pages/home with {} and HTTP headers {}
REQUESTING PAGE: GET /static_pages/help with {} and HTTP headers {}
REQUESTING PAGE: GET /static_pages/about with {} and HTTP headers {}
REQUESTING PAGE: GET /static_pages/home with {} and HTTP headers {}
REQUESTING PAGE: GET /static_pages/help with {} and HTTP headers {}
REQUESTING PAGE: GET /static_pages/about with {} and HTTP headers {}
REQUESTING PAGE: GET /static_pages/home with {} and HTTP headers {}
REQUESTING PAGE: GET /static_pages/help with {} and HTTP headers {}
REQUESTING PAGE: GET /static_pages/about with {} and HTTP headers {}
REQUESTING PAGE: GET /static_pages/home with {} and HTTP headers {}
REQUESTING PAGE: GET /static_pages/help with {} and HTTP headers {}
REQUESTING PAGE: GET /static_pages/about with {} and HTTP headers {}
REQUESTING PAGE: GET /static_pages/home with {} and HTTP headers {}
REQUESTING PAGE: GET /static_pages/help with {} and HTTP headers {}
REQUESTING PAGE: GET /static_pages/about with {} and HTTP headers {}
REQUESTING PAGE: GET /static_pages/home with {} and HTTP headers {}
REQUESTING PAGE: GET /static_pages/help with {} and HTTP headers {}
REQUESTING PAGE: GET /static_pages/about with {} and HTTP headers {}
REQUESTING PAGE: GET /static_pages/home with {} and HTTP headers {}
REQUESTING PAGE: GET /static_pages/help with {} and HTTP headers {}
REQUESTING PAGE: GET /static_pages/about with {} and HTTP headers {}
REQUESTING PAGE: GET /static_pages/home with {} and HTTP headers {}
REQUESTING PAGE: GET /static_pages/help with {} and HTTP headers {}
REQUESTING PAGE: GET /static_pages/about with {} and HTTP headers {}
REQUESTING PAGE: GET /static_pages/home with {} and HTTP headers {}
REQUESTING PAGE: GET /static_pages/help with {} and HTTP headers {}
REQUESTING PAGE: GET /static_pages/about with {} and HTTP headers {}
REQUESTING PAGE: GET /static_pages/home with {} and HTTP headers {}
REQUESTING PAGE: GET /static_pages/help with {} and HTTP headers {}
REQUESTING PAGE: GET /static_pages/about with {} and HTTP headers {}
REQUESTING PAGE: GET /static_pages/home with {} and HTTP headers {}
REQUESTING PAGE: GET /static_pages/help with {} and HTTP headers {}
REQUESTING PAGE: GET /static_pages/about with {} and HTTP headers {}
REQUESTING PAGE: GET /static_pages/home with {} and HTTP headers {}
REQUESTING PAGE: GET /static_pages/help with {} and HTTP headers {}
REQUESTING PAGE: GET /static_pages/about with {} and HTTP headers {}
REQUESTING PAGE: GET /test_pages/home with {} and HTTP headers {}
REQUESTING PAGE: GET /test_pages/home with {} and HTTP headers {}
REQUESTING PAGE: GET /test_pages/home with {} and HTTP headers {}
REQUESTING PAGE: GET /test_pages/home with {} and HTTP headers {}
REQUESTING PAGE: GET /test_pages/home with {} and HTTP headers {}
REQUESTING PAGE: GET /test_pages/home with {} and HTTP headers {}
REQUESTING PAGE: GET /test_pages/home with {} and HTTP headers {}
REQUESTING PAGE: GET /test_pages/home with {} and HTTP headers {}
REQUESTING PAGE: GET /test_pages/home with {} and HTTP headers {}
REQUESTING PAGE: GET /test_pages/home with {} and HTTP headers {}
REQUESTING PAGE: GET /test_pages/home with {} and HTTP headers {}
REQUESTING PAGE: GET /test_pages/home with {} and HTTP headers {}
REQUESTING PAGE: GET /test_pages/home with {} and HTTP headers {}
REQUESTING PAGE: GET /test_pages/home with {} and HTTP headers {}
